<?xml version="1.0" encoding="UTF-8"?>
<!-- Generated by org.testng.reporters.JUnitXMLReporter -->
<testsuite ignored="0" hostname="LAPTOP-S80L74PF" failures="0" tests="4" name="Alert Tests" time="35.112" errors="0" timestamp="2026-04-25T20:11:25 IST">
  <testcase classname="tests.AlertTest" name="confirmAccept" time="4.884"/>
  <testcase classname="tests.AlertTest" name="confirmDismiss" time="4.47"/>
  <testcase classname="tests.AlertTest" name="promptInput" time="3.706"/>
  <testcase classname="tests.AlertTest" name="simpleAlertAccept" time="3.204"/>
</testsuite> <!-- Alert Tests -->
