<?xml version="1.0" encoding="UTF-8"?>
<!-- Generated by org.testng.reporters.JUnitXMLReporter -->
<testsuite ignored="0" hostname="LAPTOP-S80L74PF" failures="0" tests="3" name="Dynamic Tests" time="29.424" errors="0" timestamp="2026-04-25T20:11:54 IST">
  <testcase classname="tests.DynamicTest" name="dynamicContentLoaded" time="8.935"/>
  <testcase classname="tests.DynamicTest" name="dynamicInteractionResult" time="5.426"/>
  <testcase classname="tests.DynamicTest" name="redirectFunctionality" time="3.192"/>
</testsuite> <!-- Dynamic Tests -->
