<?xml version="1.0" encoding="UTF-8"?>
<!-- Generated by org.testng.reporters.JUnitXMLReporter -->
<testsuite ignored="0" hostname="LAPTOP-S80L74PF" failures="0" tests="3" name="Form Tests" time="37.155" errors="0" timestamp="2026-04-25T20:11:26 IST">
  <testcase classname="tests.FormTest" name="formSubmission" time="9.645"/>
  <testcase classname="tests.FormTest" name="formSubmission" time="6.655"/>
  <testcase classname="tests.FormTest" name="formSubmission" time="7.478"/>
</testsuite> <!-- Form Tests -->
