<?xml version="1.0" encoding="UTF-8"?>
<!-- Generated by org.testng.reporters.JUnitXMLReporter -->
<testsuite ignored="0" hostname="LAPTOP-S80L74PF" failures="0" tests="3" name="Frames Tests" time="27.355" errors="0" timestamp="2026-04-25T20:11:54 IST">
  <testcase classname="tests.FramesTest" name="iframeContent" time="4.484"/>
  <testcase classname="tests.FramesTest" name="switchBackToMainPage" time="5.005"/>
  <testcase classname="tests.FramesTest" name="switchToIframe" time="5.849"/>
</testsuite> <!-- Frames Tests -->
