<?xml version="1.0" encoding="UTF-8"?>
<!-- Generated by org.testng.reporters.JUnitXMLReporter -->
<testsuite ignored="2" hostname="LAPTOP-S80L74PF" failures="0" tests="1" name="Default test" time="11.277" errors="0" timestamp="2026-04-25T14:04:37 IST">
  <testcase classname="tests.DynamicTest" name="testDynamicContentLoaded" time="5.104"/>
  <testcase classname="tests.DynamicTest" name="testRedirectFunctionality" time="0.0">
    <ignored/>
  </testcase> <!-- testRedirectFunctionality -->
  <testcase classname="tests.DynamicTest" name="testDynamicInteractionResult" time="0.0">
    <ignored/>
  </testcase> <!-- testDynamicInteractionResult -->
</testsuite> <!-- Default test -->
