<?xml version="1.0" encoding="UTF-8"?>
<!-- Generated by org.testng.reporters.JUnitXMLReporter -->
<testsuite ignored="0" hostname="LAPTOP-S80L74PF" failures="0" tests="4" name="Alert Tests" time="42.48" errors="0" timestamp="2026-04-25T20:07:05 IST">
  <testcase classname="tests.AlertTest" name="confirmAccept" time="6.81"/>
  <testcase classname="tests.AlertTest" name="confirmDismiss" time="5.858"/>
  <testcase classname="tests.AlertTest" name="promptInput" time="5.039"/>
  <testcase classname="tests.AlertTest" name="simpleAlertAccept" time="4.013"/>
</testsuite> <!-- Alert Tests -->
