<?xml version="1.0" encoding="UTF-8"?>
<!-- Generated by org.testng.reporters.JUnitXMLReporter -->
<testsuite ignored="0" hostname="LAPTOP-S80L74PF" failures="0" tests="3" name="Form Tests" time="45.81" errors="0" timestamp="2026-04-25T20:07:08 IST">
  <testcase classname="tests.FormTest" name="formSubmission" time="11.654"/>
  <testcase classname="tests.FormTest" name="formSubmission" time="10.15"/>
  <testcase classname="tests.FormTest" name="formSubmission" time="7.132"/>
</testsuite> <!-- Form Tests -->
