<?xml version="1.0" encoding="UTF-8"?>
<!-- Generated by org.testng.reporters.JUnitXMLReporter -->
<testsuite ignored="0" hostname="LAPTOP-S80L74PF" failures="0" tests="3" name="Frames Tests" time="25.301" errors="0" timestamp="2026-04-25T20:07:33 IST">
  <testcase classname="tests.FramesTest" name="iframeContent" time="6.969"/>
  <testcase classname="tests.FramesTest" name="switchBackToMainPage" time="3.511"/>
  <testcase classname="tests.FramesTest" name="switchToIframe" time="3.752"/>
</testsuite> <!-- Frames Tests -->
