<?xml version="1.0" encoding="UTF-8"?>
<!-- Generated by org.testng.reporters.JUnitReportReporter -->
<testsuite hostname="LAPTOP-S80L74PF" failures="0" tests="3" name="tests.FramesTest" time="25.289" errors="0" timestamp="2026-04-25T20:07:34 IST" skipped="0">
  <testcase classname="tests.FramesTest" name="iframeContent" time="9.172"/>
  <testcase classname="tests.FramesTest" name="switchBackToMainPage" time="8.381"/>
  <testcase classname="tests.FramesTest" name="switchToIframe" time="7.736"/>
</testsuite> <!-- tests.FramesTest -->
