<?xml version="1.0" encoding="UTF-8"?>
<!-- Generated by org.testng.reporters.JUnitReportReporter -->
<testsuite hostname="LAPTOP-S80L74PF" failures="0" tests="3" name="tests.DynamicTest" time="28.680" errors="0" timestamp="2026-04-25T20:07:34 IST" skipped="0">
  <testcase classname="tests.DynamicTest" name="redirectFunctionality" time="9.305"/>
  <testcase classname="tests.DynamicTest" name="dynamicInteractionResult" time="10.027"/>
  <testcase classname="tests.DynamicTest" name="dynamicContentLoaded" time="9.348"/>
</testsuite> <!-- tests.DynamicTest -->
