<?xml version="1.0" encoding="UTF-8"?>
<!-- Generated by org.testng.reporters.JUnitReportReporter -->
<testsuite hostname="LAPTOP-S80L74PF" failures="0" tests="3" name="tests.FormTest" time="44.602" errors="0" timestamp="2026-04-25T20:07:34 IST" skipped="0">
  <testcase classname="tests.FormTest" name="formSubmission" time="14.314"/>
  <testcase classname="tests.FormTest" name="formSubmission" time="16.177"/>
  <testcase classname="tests.FormTest" name="formSubmission" time="14.111"/>
</testsuite> <!-- tests.FormTest -->
