<?xml version="1.0" encoding="UTF-8"?>
<!-- Generated by org.testng.reporters.JUnitReportReporter -->
<testsuite hostname="LAPTOP-S80L74PF" failures="0" tests="4" name="tests.AlertTest" time="42.393" errors="0" timestamp="2026-04-25T20:07:34 IST" skipped="0">
  <testcase classname="tests.AlertTest" name="promptInput" time="7.646"/>
  <testcase classname="tests.AlertTest" name="confirmAccept" time="12.492"/>
  <testcase classname="tests.AlertTest" name="confirmDismiss" time="10.293"/>
  <testcase classname="tests.AlertTest" name="simpleAlertAccept" time="11.962"/>
</testsuite> <!-- tests.AlertTest -->
