<?xml version="1.0" encoding="UTF-8"?>
<!-- Generated by org.testng.reporters.JUnitReportReporter -->
<testsuite hostname="LAPTOP-S80L74PF" failures="0" tests="3" name="tests.FormTest" time="35.851" errors="0" timestamp="2026-04-25T20:11:54 IST" skipped="0">
  <testcase classname="tests.FormTest" name="formSubmission" time="11.260"/>
  <testcase classname="tests.FormTest" name="formSubmission" time="10.902"/>
  <testcase classname="tests.FormTest" name="formSubmission" time="13.689"/>
</testsuite> <!-- tests.FormTest -->
