<?xml version="1.0" encoding="UTF-8"?>
<!-- Generated by org.testng.reporters.JUnitReportReporter -->
<testsuite hostname="LAPTOP-S80L74PF" failures="0" tests="3" name="tests.FramesTest" time="27.339" errors="0" timestamp="2026-04-25T20:11:54 IST" skipped="0">
  <testcase classname="tests.FramesTest" name="iframeContent" time="7.509"/>
  <testcase classname="tests.FramesTest" name="switchBackToMainPage" time="9.406"/>
  <testcase classname="tests.FramesTest" name="switchToIframe" time="10.424"/>
</testsuite> <!-- tests.FramesTest -->
