<?xml version="1.0" encoding="UTF-8"?>
<!-- Generated by org.testng.reporters.JUnitReportReporter -->
<testsuite hostname="LAPTOP-S80L74PF" failures="0" tests="3" name="tests.DynamicTest" time="29.417" errors="0" timestamp="2026-04-25T20:11:54 IST" skipped="0">
  <testcase classname="tests.DynamicTest" name="dynamicInteractionResult" time="9.918"/>
  <testcase classname="tests.DynamicTest" name="dynamicContentLoaded" time="11.538"/>
  <testcase classname="tests.DynamicTest" name="redirectFunctionality" time="7.961"/>
</testsuite> <!-- tests.DynamicTest -->
