<?xml version="1.0" encoding="UTF-8"?>
<!-- Generated by org.testng.reporters.JUnitReportReporter -->
<testsuite hostname="LAPTOP-S80L74PF" failures="0" tests="4" name="tests.AlertTest" time="35.040" errors="0" timestamp="2026-04-25T20:11:54 IST" skipped="0">
  <testcase classname="tests.AlertTest" name="simpleAlertAccept" time="7.406"/>
  <testcase classname="tests.AlertTest" name="confirmAccept" time="11.440"/>
  <testcase classname="tests.AlertTest" name="confirmDismiss" time="8.361"/>
  <testcase classname="tests.AlertTest" name="promptInput" time="7.833"/>
</testsuite> <!-- tests.AlertTest -->
